2018-09-27 17:10:03  [ pool-1-thread-5:0 ] - [ INFO ]  中了【kindle】的数量：0  ,中奖概率是： 0.0%
2018-09-27 17:10:03  [ pool-1-thread-5:3 ] - [ INFO ]  中了【手表】的数量：0  ,中奖概率是： 0.0%
2018-09-27 17:10:03  [ pool-1-thread-5:4 ] - [ INFO ]  中了【万门帆布袋】的数量：0  ,中奖概率是： 0.0%
2018-09-27 17:10:03  [ pool-1-thread-5:4 ] - [ INFO ]  中了【人工智能课程】的数量：0  ,中奖概率是： 0.0%
2018-09-27 17:10:03  [ pool-1-thread-5:5 ] - [ INFO ]  中了【高中学习课程】的数量：0  ,中奖概率是： 0.0%
2018-09-27 17:10:03  [ pool-1-thread-5:5 ] - [ INFO ]  中了【初中学习课程】的数量：0  ,中奖概率是： 0.0%
2018-09-27 17:10:03  [ pool-1-thread-5:5 ] - [ INFO ]  中了【《怎么样管理好你的时间》课程】的数量：2  ,中奖概率是： 40.0%
2018-09-27 17:10:03  [ pool-1-thread-5:5 ] - [ INFO ]  中了【《100句走遍日本之超实用旅游日语》课程】的数量：3  ,中奖概率是： 60.000004%
2018-09-27 17:10:03  [ pool-1-thread-5:5 ] - [ INFO ]  当前抽奖次数： 5
2018-09-27 17:10:03  [ pool-1-thread-5:6 ] - [ INFO ]  业务失败次数： 0
2018-09-27 17:10:07  [ pool-1-thread-5:4189 ] - [ INFO ]  中了【kindle】的数量：0  ,中奖概率是： 0.0%
2018-09-27 17:10:07  [ pool-1-thread-5:4190 ] - [ INFO ]  中了【手表】的数量：0  ,中奖概率是： 0.0%
2018-09-27 17:10:07  [ pool-1-thread-5:4190 ] - [ INFO ]  中了【万门帆布袋】的数量：0  ,中奖概率是： 0.0%
2018-09-27 17:10:07  [ pool-1-thread-5:4190 ] - [ INFO ]  中了【人工智能课程】的数量：0  ,中奖概率是： 0.0%
2018-09-27 17:10:07  [ pool-1-thread-5:4190 ] - [ INFO ]  中了【高中学习课程】的数量：0  ,中奖概率是： 0.0%
2018-09-27 17:10:07  [ pool-1-thread-5:4191 ] - [ INFO ]  中了【初中学习课程】的数量：0  ,中奖概率是： 0.0%
2018-09-27 17:10:07  [ pool-1-thread-5:4192 ] - [ INFO ]  中了【《怎么样管理好你的时间》课程】的数量：4  ,中奖概率是： 40.0%
2018-09-27 17:10:07  [ pool-1-thread-5:4192 ] - [ INFO ]  中了【《100句走遍日本之超实用旅游日语》课程】的数量：5  ,中奖概率是： 50.0%
2018-09-27 17:10:07  [ pool-1-thread-5:4193 ] - [ INFO ]  当前抽奖次数： 10
2018-09-27 17:10:07  [ pool-1-thread-5:4193 ] - [ INFO ]  业务失败次数： 0
2018-09-27 17:10:12  [ pool-1-thread-1:8400 ] - [ INFO ]  中了【kindle】的数量：0  ,中奖概率是： 0.0%
2018-09-27 17:10:12  [ pool-1-thread-1:8401 ] - [ INFO ]  中了【手表】的数量：0  ,中奖概率是： 0.0%
2018-09-27 17:10:12  [ pool-1-thread-1:8401 ] - [ INFO ]  中了【万门帆布袋】的数量：0  ,中奖概率是： 0.0%
2018-09-27 17:10:12  [ pool-1-thread-1:8402 ] - [ INFO ]  中了【人工智能课程】的数量：0  ,中奖概率是： 0.0%
2018-09-27 17:10:12  [ pool-1-thread-1:8402 ] - [ INFO ]  中了【高中学习课程】的数量：0  ,中奖概率是： 0.0%
2018-09-27 17:10:12  [ pool-1-thread-1:8402 ] - [ INFO ]  中了【初中学习课程】的数量：0  ,中奖概率是： 0.0%
2018-09-27 17:10:12  [ pool-1-thread-1:8403 ] - [ INFO ]  中了【《怎么样管理好你的时间》课程】的数量：6  ,中奖概率是： 40.0%
2018-09-27 17:10:12  [ pool-1-thread-1:8403 ] - [ INFO ]  中了【《100句走遍日本之超实用旅游日语》课程】的数量：7  ,中奖概率是： 46.666668%
2018-09-27 17:10:12  [ pool-1-thread-1:8403 ] - [ INFO ]  当前抽奖次数： 15
2018-09-27 17:10:12  [ pool-1-thread-1:8403 ] - [ INFO ]  业务失败次数： 0
2018-09-27 17:10:16  [ pool-1-thread-2:12693 ] - [ INFO ]  中了【kindle】的数量：0  ,中奖概率是： 0.0%
2018-09-27 17:10:16  [ pool-1-thread-2:12694 ] - [ INFO ]  中了【手表】的数量：0  ,中奖概率是： 0.0%
2018-09-27 17:10:16  [ pool-1-thread-2:12694 ] - [ INFO ]  中了【万门帆布袋】的数量：0  ,中奖概率是： 0.0%
2018-09-27 17:10:16  [ pool-1-thread-2:12694 ] - [ INFO ]  中了【人工智能课程】的数量：0  ,中奖概率是： 0.0%
2018-09-27 17:10:16  [ pool-1-thread-2:12694 ] - [ INFO ]  中了【高中学习课程】的数量：0  ,中奖概率是： 0.0%
2018-09-27 17:10:16  [ pool-1-thread-2:12695 ] - [ INFO ]  中了【初中学习课程】的数量：0  ,中奖概率是： 0.0%
2018-09-27 17:10:16  [ pool-1-thread-2:12695 ] - [ INFO ]  中了【《怎么样管理好你的时间》课程】的数量：11  ,中奖概率是： 55.0%
2018-09-27 17:10:16  [ pool-1-thread-2:12695 ] - [ INFO ]  中了【《100句走遍日本之超实用旅游日语》课程】的数量：8  ,中奖概率是： 40.0%
2018-09-27 17:10:16  [ pool-1-thread-2:12695 ] - [ INFO ]  当前抽奖次数： 20
2018-09-27 17:10:16  [ pool-1-thread-2:12695 ] - [ INFO ]  业务失败次数： 0
2018-09-27 17:10:20  [ pool-1-thread-4:16912 ] - [ INFO ]  中了【kindle】的数量：0  ,中奖概率是： 0.0%
2018-09-27 17:10:20  [ pool-1-thread-4:16913 ] - [ INFO ]  中了【手表】的数量：0  ,中奖概率是： 0.0%
2018-09-27 17:10:20  [ pool-1-thread-4:16913 ] - [ INFO ]  中了【万门帆布袋】的数量：0  ,中奖概率是： 0.0%
2018-09-27 17:10:20  [ pool-1-thread-4:16913 ] - [ INFO ]  中了【人工智能课程】的数量：0  ,中奖概率是： 0.0%
2018-09-27 17:10:20  [ pool-1-thread-4:16914 ] - [ INFO ]  中了【高中学习课程】的数量：0  ,中奖概率是： 0.0%
2018-09-27 17:10:20  [ pool-1-thread-4:16914 ] - [ INFO ]  中了【初中学习课程】的数量：0  ,中奖概率是： 0.0%
2018-09-27 17:10:20  [ pool-1-thread-4:16914 ] - [ INFO ]  中了【《怎么样管理好你的时间》课程】的数量：15  ,中奖概率是： 60.000004%
2018-09-27 17:10:20  [ pool-1-thread-4:16914 ] - [ INFO ]  中了【《100句走遍日本之超实用旅游日语》课程】的数量：9  ,中奖概率是： 36.0%
2018-09-27 17:10:20  [ pool-1-thread-4:16914 ] - [ INFO ]  当前抽奖次数： 25
2018-09-27 17:10:20  [ pool-1-thread-4:16914 ] - [ INFO ]  业务失败次数： 0
2018-09-27 17:10:25  [ pool-1-thread-5:21253 ] - [ INFO ]  中了【kindle】的数量：0  ,中奖概率是： 0.0%
2018-09-27 17:10:25  [ pool-1-thread-5:21254 ] - [ INFO ]  中了【手表】的数量：0  ,中奖概率是： 0.0%
2018-09-27 17:10:25  [ pool-1-thread-5:21254 ] - [ INFO ]  中了【万门帆布袋】的数量：0  ,中奖概率是： 0.0%
2018-09-27 17:10:25  [ pool-1-thread-5:21254 ] - [ INFO ]  中了【人工智能课程】的数量：0  ,中奖概率是： 0.0%
2018-09-27 17:10:25  [ pool-1-thread-5:21254 ] - [ INFO ]  中了【高中学习课程】的数量：0  ,中奖概率是： 0.0%
2018-09-27 17:10:25  [ pool-1-thread-5:21255 ] - [ INFO ]  中了【初中学习课程】的数量：0  ,中奖概率是： 0.0%
2018-09-27 17:10:25  [ pool-1-thread-5:21255 ] - [ INFO ]  中了【《怎么样管理好你的时间》课程】的数量：16  ,中奖概率是： 53.333336%
2018-09-27 17:10:25  [ pool-1-thread-5:21255 ] - [ INFO ]  中了【《100句走遍日本之超实用旅游日语》课程】的数量：14  ,中奖概率是： 46.666668%
2018-09-27 17:10:25  [ pool-1-thread-5:21255 ] - [ INFO ]  当前抽奖次数： 30
2018-09-27 17:10:25  [ pool-1-thread-5:21255 ] - [ INFO ]  业务失败次数： 0
2018-09-27 17:10:29  [ pool-1-thread-5:25729 ] - [ INFO ]  中了【kindle】的数量：0  ,中奖概率是： 0.0%
2018-09-27 17:10:29  [ pool-1-thread-5:25730 ] - [ INFO ]  中了【手表】的数量：0  ,中奖概率是： 0.0%
2018-09-27 17:10:29  [ pool-1-thread-5:25730 ] - [ INFO ]  中了【万门帆布袋】的数量：0  ,中奖概率是： 0.0%
2018-09-27 17:10:29  [ pool-1-thread-5:25730 ] - [ INFO ]  中了【人工智能课程】的数量：0  ,中奖概率是： 0.0%
2018-09-27 17:10:29  [ pool-1-thread-5:25730 ] - [ INFO ]  中了【高中学习课程】的数量：0  ,中奖概率是： 0.0%
2018-09-27 17:10:29  [ pool-1-thread-5:25731 ] - [ INFO ]  中了【初中学习课程】的数量：0  ,中奖概率是： 0.0%
2018-09-27 17:10:29  [ pool-1-thread-5:25731 ] - [ INFO ]  中了【《怎么样管理好你的时间》课程】的数量：19  ,中奖概率是： 54.285717%
2018-09-27 17:10:29  [ pool-1-thread-5:25731 ] - [ INFO ]  中了【《100句走遍日本之超实用旅游日语》课程】的数量：16  ,中奖概率是： 45.714287%
2018-09-27 17:10:29  [ pool-1-thread-5:25732 ] - [ INFO ]  当前抽奖次数： 35
2018-09-27 17:10:29  [ pool-1-thread-5:25732 ] - [ INFO ]  业务失败次数： 0
2018-09-27 17:10:33  [ pool-1-thread-5:29564 ] - [ INFO ]  中了【kindle】的数量：0  ,中奖概率是： 0.0%
2018-09-27 17:10:33  [ pool-1-thread-5:29564 ] - [ INFO ]  中了【手表】的数量：0  ,中奖概率是： 0.0%
2018-09-27 17:10:33  [ pool-1-thread-5:29565 ] - [ INFO ]  中了【万门帆布袋】的数量：0  ,中奖概率是： 0.0%
2018-09-27 17:10:33  [ pool-1-thread-5:29565 ] - [ INFO ]  中了【人工智能课程】的数量：0  ,中奖概率是： 0.0%
2018-09-27 17:10:33  [ pool-1-thread-5:29565 ] - [ INFO ]  中了【高中学习课程】的数量：0  ,中奖概率是： 0.0%
2018-09-27 17:10:33  [ pool-1-thread-5:29565 ] - [ INFO ]  中了【初中学习课程】的数量：0  ,中奖概率是： 0.0%
2018-09-27 17:10:33  [ pool-1-thread-5:29565 ] - [ INFO ]  中了【《怎么样管理好你的时间》课程】的数量：22  ,中奖概率是： 55.0%
2018-09-27 17:10:33  [ pool-1-thread-5:29566 ] - [ INFO ]  中了【《100句走遍日本之超实用旅游日语》课程】的数量：18  ,中奖概率是： 45.0%
2018-09-27 17:10:33  [ pool-1-thread-5:29566 ] - [ INFO ]  当前抽奖次数： 40
2018-09-27 17:10:33  [ pool-1-thread-5:29566 ] - [ INFO ]  业务失败次数： 0
2018-09-27 17:10:36  [ pool-1-thread-5:32596 ] - [ INFO ]  中了【kindle】的数量：0  ,中奖概率是： 0.0%
2018-09-27 17:10:36  [ pool-1-thread-5:32596 ] - [ INFO ]  中了【手表】的数量：0  ,中奖概率是： 0.0%
2018-09-27 17:10:36  [ pool-1-thread-5:32596 ] - [ INFO ]  中了【万门帆布袋】的数量：0  ,中奖概率是： 0.0%
2018-09-27 17:10:36  [ pool-1-thread-5:32597 ] - [ INFO ]  中了【人工智能课程】的数量：0  ,中奖概率是： 0.0%
2018-09-27 17:10:36  [ pool-1-thread-5:32597 ] - [ INFO ]  中了【高中学习课程】的数量：0  ,中奖概率是： 0.0%
2018-09-27 17:10:36  [ pool-1-thread-5:32597 ] - [ INFO ]  中了【初中学习课程】的数量：0  ,中奖概率是： 0.0%
2018-09-27 17:10:36  [ pool-1-thread-5:32597 ] - [ INFO ]  中了【《怎么样管理好你的时间》课程】的数量：24  ,中奖概率是： 53.333336%
2018-09-27 17:10:36  [ pool-1-thread-5:32597 ] - [ INFO ]  中了【《100句走遍日本之超实用旅游日语》课程】的数量：19  ,中奖概率是： 42.22222%
2018-09-27 17:10:36  [ pool-1-thread-5:32597 ] - [ INFO ]  当前抽奖次数： 45
2018-09-27 17:10:36  [ pool-1-thread-5:32597 ] - [ INFO ]  业务失败次数： 0
2018-09-27 17:10:40  [ pool-1-thread-3:36422 ] - [ INFO ]  中了【kindle】的数量：0  ,中奖概率是： 0.0%
2018-09-27 17:10:40  [ pool-1-thread-3:36423 ] - [ INFO ]  中了【手表】的数量：0  ,中奖概率是： 0.0%
2018-09-27 17:10:40  [ pool-1-thread-3:36423 ] - [ INFO ]  中了【万门帆布袋】的数量：0  ,中奖概率是： 0.0%
2018-09-27 17:10:40  [ pool-1-thread-3:36423 ] - [ INFO ]  中了【人工智能课程】的数量：0  ,中奖概率是： 0.0%
2018-09-27 17:10:40  [ pool-1-thread-3:36423 ] - [ INFO ]  中了【高中学习课程】的数量：0  ,中奖概率是： 0.0%
2018-09-27 17:10:40  [ pool-1-thread-3:36424 ] - [ INFO ]  中了【初中学习课程】的数量：0  ,中奖概率是： 0.0%
2018-09-27 17:10:40  [ pool-1-thread-3:36424 ] - [ INFO ]  中了【《怎么样管理好你的时间》课程】的数量：26  ,中奖概率是： 52.0%
2018-09-27 17:10:40  [ pool-1-thread-3:36424 ] - [ INFO ]  中了【《100句走遍日本之超实用旅游日语》课程】的数量：23  ,中奖概率是： 46.0%
2018-09-27 17:10:40  [ pool-1-thread-3:36424 ] - [ INFO ]  当前抽奖次数： 50
2018-09-27 17:10:40  [ pool-1-thread-3:36424 ] - [ INFO ]  业务失败次数： 0
2018-09-27 17:10:42  [ main:38480 ] - [ INFO ]  中了【kindle】的数量：0  ,中奖概率是： 0.0%
2018-09-27 17:10:42  [ main:38481 ] - [ INFO ]  中了【手表】的数量：0  ,中奖概率是： 0.0%
2018-09-27 17:10:42  [ main:38481 ] - [ INFO ]  中了【万门帆布袋】的数量：0  ,中奖概率是： 0.0%
2018-09-27 17:10:42  [ main:38481 ] - [ INFO ]  中了【人工智能课程】的数量：0  ,中奖概率是： 0.0%
2018-09-27 17:10:42  [ main:38482 ] - [ INFO ]  中了【高中学习课程】的数量：0  ,中奖概率是： 0.0%
2018-09-27 17:10:42  [ main:38482 ] - [ INFO ]  中了【初中学习课程】的数量：0  ,中奖概率是： 0.0%
2018-09-27 17:10:42  [ main:38482 ] - [ INFO ]  中了【《怎么样管理好你的时间》课程】的数量：26  ,中奖概率是： 52.0%
2018-09-27 17:10:42  [ main:38482 ] - [ INFO ]  中了【《100句走遍日本之超实用旅游日语》课程】的数量：24  ,中奖概率是： 48.0%
2018-09-27 17:10:42  [ main:38482 ] - [ INFO ]  业务失败次数： 0
2018-09-27 17:10:42  [ main:38483 ] - [ INFO ]   =====多线程执行结束====== 
